This file contains any messages produced by compilers while
running configure, to aid debugging if configure makes a mistake.

It was created by iconv configure 0.1.0, which was
generated by GNU Autoconf 2.67.  Invocation command line was

  $ ./configure 

## --------- ##
## Platform. ##
## --------- ##

hostname = toshiba
uname -m = x86_64
uname -r = 4.2.5-1-ARCH
uname -s = Linux
uname -v = #1 SMP PREEMPT Tue Oct 27 08:13:28 CET 2015

/usr/bin/uname -p = unknown
/bin/uname -X     = unknown

/bin/arch              = unknown
/usr/bin/arch -k       = unknown
/usr/convex/getsysinfo = unknown
/usr/bin/hostinfo      = unknown
/bin/machine           = unknown
/usr/bin/oslevel       = unknown
/bin/universe          = unknown

PATH: /usr/lib/erlang/erts-7.1/bin
PATH: /usr/lib/erlang/bin
PATH: /usr/local/sbin
PATH: /usr/local/bin
PATH: /usr/bin
PATH: /usr/lib/jvm/default/bin
PATH: /usr/bin/site_perl
PATH: /usr/bin/vendor_perl
PATH: /usr/bin/core_perl


## ----------- ##
## Core tests. ##
## ----------- ##

configure:2075: checking for gcc
configure:2102: result: cc
configure:2331: checking for C compiler version
configure:2340: cc --version >&5
cc (GCC) 5.2.0
Copyright (C) 2015 Free Software Foundation, Inc.
This is free software; see the source for copying conditions.  There is NO
warranty; not even for MERCHANTABILITY or FITNESS FOR A PARTICULAR PURPOSE.

configure:2351: $? = 0
configure:2340: cc -v >&5
Using built-in specs.
COLLECT_GCC=cc
COLLECT_LTO_WRAPPER=/usr/lib/gcc/x86_64-unknown-linux-gnu/5.2.0/lto-wrapper
Target: x86_64-unknown-linux-gnu
Configured with: /build/gcc/src/gcc-5.2.0/configure --prefix=/usr --libdir=/usr/lib --libexecdir=/usr/lib --mandir=/usr/share/man --infodir=/usr/share/info --with-bugurl=https://bugs.archlinux.org/ --enable-languages=c,c++,ada,fortran,go,lto,objc,obj-c++ --enable-shared --enable-threads=posix --enable-libmpx --with-system-zlib --with-isl --enable-__cxa_atexit --disable-libunwind-exceptions --enable-clocale=gnu --disable-libstdcxx-pch --disable-libssp --enable-gnu-unique-object --enable-linker-build-id --enable-lto --enable-plugin --enable-install-libiberty --with-linker-hash-style=gnu --enable-gnu-indirect-function --disable-multilib --disable-werror --enable-checking=release --with-default-libstdcxx-abi=gcc4-compatible
Thread model: posix
gcc version 5.2.0 (GCC) 
configure:2351: $? = 0
configure:2340: cc -V >&5
cc: error: unrecognized command line option '-V'
cc: fatal error: no input files
compilation terminated.
configure:2351: $? = 1
configure:2340: cc -qversion >&5
cc: error: unrecognized command line option '-qversion'
cc: fatal error: no input files
compilation terminated.
configure:2351: $? = 1
configure:2371: checking whether the C compiler works
configure:2393: cc    conftest.c  >&5
configure:2397: $? = 0
configure:2445: result: yes
configure:2448: checking for C compiler default output file name
configure:2450: result: a.out
configure:2456: checking for suffix of executables
configure:2463: cc -o conftest    conftest.c  >&5
configure:2467: $? = 0
configure:2489: result: 
configure:2511: checking whether we are cross compiling
configure:2519: cc -o conftest    conftest.c  >&5
configure:2523: $? = 0
configure:2530: ./conftest
configure:2534: $? = 0
configure:2549: result: no
configure:2554: checking for suffix of object files
configure:2576: cc -c   conftest.c >&5
configure:2580: $? = 0
configure:2601: result: o
configure:2605: checking whether we are using the GNU C compiler
configure:2624: cc -c   conftest.c >&5
configure:2624: $? = 0
configure:2633: result: yes
configure:2642: checking whether cc accepts -g
configure:2662: cc -c -g  conftest.c >&5
configure:2662: $? = 0
configure:2703: result: yes
configure:2720: checking for cc option to accept ISO C89
configure:2784: cc  -c   conftest.c >&5
configure:2784: $? = 0
configure:2797: result: none needed
configure:2817: checking whether make sets $(MAKE)
configure:2839: result: yes
configure:2855: checking for an ANSI C-conforming const
configure:2920: cc -c  -Wall  conftest.c >&5
conftest.c: In function 'main':
conftest.c:38:7: warning: 't' is used uninitialized in this function [-Wuninitialized]
     *t++ = 0;
       ^
conftest.c:54:23: warning: 'b' may be used uninitialized in this function [-Wmaybe-uninitialized]
     struct s *b; b->j = 5;
                       ^
configure:2920: $? = 0
configure:2927: result: yes
configure:2942: checking how to run the C preprocessor
configure:2973: cc -E  conftest.c
configure:2973: $? = 0
configure:2987: cc -E  conftest.c
conftest.c:9:28: fatal error: ac_nonexistent.h: No such file or directory
compilation terminated.
configure:2987: $? = 1
configure: failed program was:
| /* confdefs.h */
| #define PACKAGE_NAME "iconv"
| #define PACKAGE_TARNAME "iconv"
| #define PACKAGE_VERSION "0.1.0"
| #define PACKAGE_STRING "iconv 0.1.0"
| #define PACKAGE_BUGREPORT ""
| #define PACKAGE_URL ""
| /* end confdefs.h.  */
| #include <ac_nonexistent.h>
configure:3012: result: cc -E
configure:3032: cc -E  conftest.c
configure:3032: $? = 0
configure:3046: cc -E  conftest.c
conftest.c:9:28: fatal error: ac_nonexistent.h: No such file or directory
compilation terminated.
configure:3046: $? = 1
configure: failed program was:
| /* confdefs.h */
| #define PACKAGE_NAME "iconv"
| #define PACKAGE_TARNAME "iconv"
| #define PACKAGE_VERSION "0.1.0"
| #define PACKAGE_STRING "iconv 0.1.0"
| #define PACKAGE_BUGREPORT ""
| #define PACKAGE_URL ""
| /* end confdefs.h.  */
| #include <ac_nonexistent.h>
configure:3075: checking for grep that handles long lines and -e
configure:3133: result: /usr/bin/grep
configure:3138: checking for egrep
configure:3200: result: /usr/bin/grep -E
configure:3205: checking for ANSI C header files
configure:3225: cc -c  -Wall  conftest.c >&5
configure:3225: $? = 0
configure:3298: cc -o conftest  -Wall   conftest.c  >&5
configure:3298: $? = 0
configure:3298: ./conftest
configure:3298: $? = 0
configure:3309: result: yes
configure:3322: checking for sys/types.h
configure:3322: cc -c  -Wall  conftest.c >&5
configure:3322: $? = 0
configure:3322: result: yes
configure:3322: checking for sys/stat.h
configure:3322: cc -c  -Wall  conftest.c >&5
configure:3322: $? = 0
configure:3322: result: yes
configure:3322: checking for stdlib.h
configure:3322: cc -c  -Wall  conftest.c >&5
configure:3322: $? = 0
configure:3322: result: yes
configure:3322: checking for string.h
configure:3322: cc -c  -Wall  conftest.c >&5
configure:3322: $? = 0
configure:3322: result: yes
configure:3322: checking for memory.h
configure:3322: cc -c  -Wall  conftest.c >&5
configure:3322: $? = 0
configure:3322: result: yes
configure:3322: checking for strings.h
configure:3322: cc -c  -Wall  conftest.c >&5
configure:3322: $? = 0
configure:3322: result: yes
configure:3322: checking for inttypes.h
configure:3322: cc -c  -Wall  conftest.c >&5
configure:3322: $? = 0
configure:3322: result: yes
configure:3322: checking for stdint.h
configure:3322: cc -c  -Wall  conftest.c >&5
configure:3322: $? = 0
configure:3322: result: yes
configure:3322: checking for unistd.h
configure:3322: cc -c  -Wall  conftest.c >&5
configure:3322: $? = 0
configure:3322: result: yes
configure:3336: checking for stdlib.h
configure:3336: result: yes
configure:3346: checking for GNU libc compatible malloc
configure:3370: cc -o conftest  -Wall   conftest.c  >&5
configure:3370: $? = 0
configure:3370: ./conftest
configure:3370: $? = 0
configure:3380: result: yes
configure:3401: checking for ANSI C header files
configure:3505: result: yes
configure:3567: checking for erl
configure:3585: found /usr/lib/erlang/erts-7.1/bin/erl
configure:3597: result: /usr/lib/erlang/erts-7.1/bin/erl
configure:3676: checking for erlc
configure:3694: found /usr/lib/erlang/erts-7.1/bin/erlc
configure:3706: result: /usr/lib/erlang/erts-7.1/bin/erlc
configure:3772: checking build system type
configure:3786: result: x86_64-unknown-linux-gnu
configure:3806: checking host system type
configure:3819: result: x86_64-unknown-linux-gnu
configure:3879: checking for ld used by GCC
configure:3943: result: /usr/bin/ld
configure:3950: checking if the linker (/usr/bin/ld) is GNU ld
configure:3963: result: yes
configure:3970: checking for shared library run path origin
configure:3983: result: done
configure:4491: checking for iconv
configure:4513: cc -o conftest  -Wall   conftest.c  >&5
configure:4513: $? = 0
configure:4545: result: yes
configure:4548: checking for working iconv
configure:4624: cc -o conftest  -Wall   conftest.c  >&5
configure:4624: $? = 0
configure:4624: ./conftest
configure:4624: $? = 0
configure:4636: result: yes
configure:4664: checking for iconv declaration
configure:4693: cc -c  -Wall  conftest.c >&5
configure:4693: $? = 0
configure:4704: result: 
         extern size_t iconv (iconv_t cd, char * *inbuf, size_t *inbytesleft, char * *outbuf, size_t *outbytesleft);
configure:4857: creating ./config.status

## ---------------------- ##
## Running config.status. ##
## ---------------------- ##

This file was extended by iconv config.status 0.1.0, which was
generated by GNU Autoconf 2.67.  Invocation command line was

  CONFIG_FILES    = 
  CONFIG_HEADERS  = 
  CONFIG_LINKS    = 
  CONFIG_COMMANDS = 
  $ ./config.status 

on toshiba

config.status:746: creating rebar.config

## ---------------- ##
## Cache variables. ##
## ---------------- ##

ac_cv_build=x86_64-unknown-linux-gnu
ac_cv_c_compiler_gnu=yes
ac_cv_c_const=yes
ac_cv_env_CC_set=set
ac_cv_env_CC_value=cc
ac_cv_env_CFLAGS_set=set
ac_cv_env_CFLAGS_value=
ac_cv_env_CPPFLAGS_set=set
ac_cv_env_CPPFLAGS_value=
ac_cv_env_CPP_set=
ac_cv_env_CPP_value=
ac_cv_env_ERLCFLAGS_set=
ac_cv_env_ERLCFLAGS_value=
ac_cv_env_ERLC_set=
ac_cv_env_ERLC_value=
ac_cv_env_ERL_set=
ac_cv_env_ERL_value=
ac_cv_env_LDFLAGS_set=set
ac_cv_env_LDFLAGS_value=
ac_cv_env_LIBS_set=
ac_cv_env_LIBS_value=
ac_cv_env_build_alias_set=
ac_cv_env_build_alias_value=
ac_cv_env_host_alias_set=
ac_cv_env_host_alias_value=
ac_cv_env_target_alias_set=
ac_cv_env_target_alias_value=
ac_cv_func_malloc_0_nonnull=yes
ac_cv_header_inttypes_h=yes
ac_cv_header_memory_h=yes
ac_cv_header_stdc=yes
ac_cv_header_stdint_h=yes
ac_cv_header_stdlib_h=yes
ac_cv_header_string_h=yes
ac_cv_header_strings_h=yes
ac_cv_header_sys_stat_h=yes
ac_cv_header_sys_types_h=yes
ac_cv_header_unistd_h=yes
ac_cv_host=x86_64-unknown-linux-gnu
ac_cv_objext=o
ac_cv_path_EGREP='/usr/bin/grep -E'
ac_cv_path_GREP=/usr/bin/grep
ac_cv_path_ac_pt_ERL=/usr/lib/erlang/erts-7.1/bin/erl
ac_cv_path_ac_pt_ERLC=/usr/lib/erlang/erts-7.1/bin/erlc
ac_cv_prog_CPP='cc -E'
ac_cv_prog_ac_ct_CC=cc
ac_cv_prog_cc_c89=
ac_cv_prog_cc_g=yes
ac_cv_prog_make_make_set=yes
acl_cv_hardcode_direct=no
acl_cv_hardcode_libdir_flag_spec='${wl}-rpath ${wl}$libdir'
acl_cv_hardcode_libdir_separator=
acl_cv_hardcode_minus_L=no
acl_cv_libext=a
acl_cv_libname_spec='lib$name'
acl_cv_library_names_spec='$libname$shrext'
acl_cv_path_LD=/usr/bin/ld
acl_cv_prog_gnu_ld=yes
acl_cv_rpath=done
acl_cv_shlibext=so
acl_cv_wl=-Wl,
am_cv_func_iconv=yes
am_cv_func_iconv_works=yes
am_cv_lib_iconv=no
am_cv_proto_iconv='extern size_t iconv (iconv_t cd, char * *inbuf, size_t *inbytesleft, char * *outbuf, size_t *outbytesleft);'
am_cv_proto_iconv_arg1=

## ----------------- ##
## Output variables. ##
## ----------------- ##

CC='cc'
CFLAGS=' -Wall'
CPP='cc -E'
CPPFLAGS=''
DEFS='-DPACKAGE_NAME=\"iconv\" -DPACKAGE_TARNAME=\"iconv\" -DPACKAGE_VERSION=\"0.1.0\" -DPACKAGE_STRING=\"iconv\ 0.1.0\" -DPACKAGE_BUGREPORT=\"\" -DPACKAGE_URL=\"\" -DSTDC_HEADERS=1 -DHAVE_SYS_TYPES_H=1 -DHAVE_SYS_STAT_H=1 -DHAVE_STDLIB_H=1 -DHAVE_STRING_H=1 -DHAVE_MEMORY_H=1 -DHAVE_STRINGS_H=1 -DHAVE_INTTYPES_H=1 -DHAVE_STDINT_H=1 -DHAVE_UNISTD_H=1 -DHAVE_STDLIB_H=1 -DHAVE_MALLOC=1 -DSTDC_HEADERS=1 -DHAVE_ICONV=1 -DICONV_CONST='
ECHO_C=''
ECHO_N='-n'
ECHO_T=''
EGREP='/usr/bin/grep -E'
ERL='/usr/lib/erlang/erts-7.1/bin/erl'
ERLC='/usr/lib/erlang/erts-7.1/bin/erlc'
ERLCFLAGS=''
EXEEXT=''
GREP='/usr/bin/grep'
LDFLAGS=''
LIBICONV=''
LIBOBJS=''
LIBS=''
LTLIBICONV=''
LTLIBOBJS=''
OBJEXT='o'
PACKAGE_BUGREPORT=''
PACKAGE_NAME='iconv'
PACKAGE_STRING='iconv 0.1.0'
PACKAGE_TARNAME='iconv'
PACKAGE_URL=''
PACKAGE_VERSION='0.1.0'
PATH_SEPARATOR=':'
SET_MAKE=''
SHELL='/bin/sh'
ac_ct_CC='cc'
bindir='${exec_prefix}/bin'
build='x86_64-unknown-linux-gnu'
build_alias=''
build_cpu='x86_64'
build_os='linux-gnu'
build_vendor='unknown'
datadir='${datarootdir}'
datarootdir='${prefix}/share'
docdir='${datarootdir}/doc/${PACKAGE_TARNAME}'
dvidir='${docdir}'
exec_prefix='${prefix}'
host='x86_64-unknown-linux-gnu'
host_alias=''
host_cpu='x86_64'
host_os='linux-gnu'
host_vendor='unknown'
htmldir='${docdir}'
includedir='${prefix}/include'
infodir='${datarootdir}/info'
libdir='${exec_prefix}/lib'
libexecdir='${exec_prefix}/libexec'
localedir='${datarootdir}/locale'
localstatedir='${prefix}/var'
mandir='${datarootdir}/man'
oldincludedir='/usr/include'
pdfdir='${docdir}'
prefix='/usr/local'
program_transform_name='s,x,x,'
psdir='${docdir}'
sbindir='${exec_prefix}/sbin'
sharedstatedir='${prefix}/com'
sysconfdir='${prefix}/etc'
target_alias=''

## ----------- ##
## confdefs.h. ##
## ----------- ##

/* confdefs.h */
#define PACKAGE_NAME "iconv"
#define PACKAGE_TARNAME "iconv"
#define PACKAGE_VERSION "0.1.0"
#define PACKAGE_STRING "iconv 0.1.0"
#define PACKAGE_BUGREPORT ""
#define PACKAGE_URL ""
#define STDC_HEADERS 1
#define HAVE_SYS_TYPES_H 1
#define HAVE_SYS_STAT_H 1
#define HAVE_STDLIB_H 1
#define HAVE_STRING_H 1
#define HAVE_MEMORY_H 1
#define HAVE_STRINGS_H 1
#define HAVE_INTTYPES_H 1
#define HAVE_STDINT_H 1
#define HAVE_UNISTD_H 1
#define HAVE_STDLIB_H 1
#define HAVE_MALLOC 1
#define STDC_HEADERS 1
#define HAVE_ICONV 1
#define ICONV_CONST 

configure: exit 0
