This file contains any messages produced by compilers while
running configure, to aid debugging if configure makes a mistake.

It was created by tls configure 0.2.0, which was
generated by GNU Autoconf 2.69.  Invocation command line was

  $ ./configure 

## --------- ##
## Platform. ##
## --------- ##

hostname = toshiba
uname -m = x86_64
uname -r = 4.2.5-1-ARCH
uname -s = Linux
uname -v = #1 SMP PREEMPT Tue Oct 27 08:13:28 CET 2015

/usr/bin/uname -p = unknown
/bin/uname -X     = unknown

/bin/arch              = unknown
/usr/bin/arch -k       = unknown
/usr/convex/getsysinfo = unknown
/usr/bin/hostinfo      = unknown
/bin/machine           = unknown
/usr/bin/oslevel       = unknown
/bin/universe          = unknown

PATH: /usr/lib/erlang/erts-7.1/bin
PATH: /usr/lib/erlang/bin
PATH: /usr/local/sbin
PATH: /usr/local/bin
PATH: /usr/bin
PATH: /usr/lib/jvm/default/bin
PATH: /usr/bin/site_perl
PATH: /usr/bin/vendor_perl
PATH: /usr/bin/core_perl


## ----------- ##
## Core tests. ##
## ----------- ##

configure:2071: checking for gcc
configure:2098: result: cc
configure:2327: checking for C compiler version
configure:2336: cc --version >&5
cc (GCC) 5.2.0
Copyright (C) 2015 Free Software Foundation, Inc.
This is free software; see the source for copying conditions.  There is NO
warranty; not even for MERCHANTABILITY or FITNESS FOR A PARTICULAR PURPOSE.

configure:2347: $? = 0
configure:2336: cc -v >&5
Using built-in specs.
COLLECT_GCC=cc
COLLECT_LTO_WRAPPER=/usr/lib/gcc/x86_64-unknown-linux-gnu/5.2.0/lto-wrapper
Target: x86_64-unknown-linux-gnu
Configured with: /build/gcc/src/gcc-5.2.0/configure --prefix=/usr --libdir=/usr/lib --libexecdir=/usr/lib --mandir=/usr/share/man --infodir=/usr/share/info --with-bugurl=https://bugs.archlinux.org/ --enable-languages=c,c++,ada,fortran,go,lto,objc,obj-c++ --enable-shared --enable-threads=posix --enable-libmpx --with-system-zlib --with-isl --enable-__cxa_atexit --disable-libunwind-exceptions --enable-clocale=gnu --disable-libstdcxx-pch --disable-libssp --enable-gnu-unique-object --enable-linker-build-id --enable-lto --enable-plugin --enable-install-libiberty --with-linker-hash-style=gnu --enable-gnu-indirect-function --disable-multilib --disable-werror --enable-checking=release --with-default-libstdcxx-abi=gcc4-compatible
Thread model: posix
gcc version 5.2.0 (GCC) 
configure:2347: $? = 0
configure:2336: cc -V >&5
cc: error: unrecognized command line option '-V'
cc: fatal error: no input files
compilation terminated.
configure:2347: $? = 1
configure:2336: cc -qversion >&5
cc: error: unrecognized command line option '-qversion'
cc: fatal error: no input files
compilation terminated.
configure:2347: $? = 1
configure:2367: checking whether the C compiler works
configure:2389: cc    conftest.c  >&5
configure:2393: $? = 0
configure:2441: result: yes
configure:2444: checking for C compiler default output file name
configure:2446: result: a.out
configure:2452: checking for suffix of executables
configure:2459: cc -o conftest    conftest.c  >&5
configure:2463: $? = 0
configure:2485: result: 
configure:2507: checking whether we are cross compiling
configure:2515: cc -o conftest    conftest.c  >&5
configure:2519: $? = 0
configure:2526: ./conftest
configure:2530: $? = 0
configure:2545: result: no
configure:2550: checking for suffix of object files
configure:2572: cc -c   conftest.c >&5
configure:2576: $? = 0
configure:2597: result: o
configure:2601: checking whether we are using the GNU C compiler
configure:2620: cc -c   conftest.c >&5
configure:2620: $? = 0
configure:2629: result: yes
configure:2638: checking whether cc accepts -g
configure:2658: cc -c -g  conftest.c >&5
configure:2658: $? = 0
configure:2699: result: yes
configure:2716: checking for cc option to accept ISO C89
configure:2779: cc  -c   conftest.c >&5
configure:2779: $? = 0
configure:2792: result: none needed
configure:2812: checking whether make sets $(MAKE)
configure:2834: result: yes
configure:2850: checking for an ANSI C-conforming const
configure:2916: cc -c  -Wall  conftest.c >&5
configure:2916: $? = 0
configure:2923: result: yes
configure:2938: checking how to run the C preprocessor
configure:2969: cc -E  conftest.c
configure:2969: $? = 0
configure:2983: cc -E  conftest.c
conftest.c:9:28: fatal error: ac_nonexistent.h: No such file or directory
compilation terminated.
configure:2983: $? = 1
configure: failed program was:
| /* confdefs.h */
| #define PACKAGE_NAME "tls"
| #define PACKAGE_TARNAME "tls"
| #define PACKAGE_VERSION "0.2.0"
| #define PACKAGE_STRING "tls 0.2.0"
| #define PACKAGE_BUGREPORT ""
| #define PACKAGE_URL ""
| /* end confdefs.h.  */
| #include <ac_nonexistent.h>
configure:3008: result: cc -E
configure:3028: cc -E  conftest.c
configure:3028: $? = 0
configure:3042: cc -E  conftest.c
conftest.c:9:28: fatal error: ac_nonexistent.h: No such file or directory
compilation terminated.
configure:3042: $? = 1
configure: failed program was:
| /* confdefs.h */
| #define PACKAGE_NAME "tls"
| #define PACKAGE_TARNAME "tls"
| #define PACKAGE_VERSION "0.2.0"
| #define PACKAGE_STRING "tls 0.2.0"
| #define PACKAGE_BUGREPORT ""
| #define PACKAGE_URL ""
| /* end confdefs.h.  */
| #include <ac_nonexistent.h>
configure:3071: checking for grep that handles long lines and -e
configure:3129: result: /usr/bin/grep
configure:3134: checking for egrep
configure:3196: result: /usr/bin/grep -E
configure:3201: checking for ANSI C header files
configure:3221: cc -c  -Wall  conftest.c >&5
configure:3221: $? = 0
configure:3294: cc -o conftest  -Wall   conftest.c  >&5
configure:3294: $? = 0
configure:3294: ./conftest
configure:3294: $? = 0
configure:3305: result: yes
configure:3318: checking for sys/types.h
configure:3318: cc -c  -Wall  conftest.c >&5
configure:3318: $? = 0
configure:3318: result: yes
configure:3318: checking for sys/stat.h
configure:3318: cc -c  -Wall  conftest.c >&5
configure:3318: $? = 0
configure:3318: result: yes
configure:3318: checking for stdlib.h
configure:3318: cc -c  -Wall  conftest.c >&5
configure:3318: $? = 0
configure:3318: result: yes
configure:3318: checking for string.h
configure:3318: cc -c  -Wall  conftest.c >&5
configure:3318: $? = 0
configure:3318: result: yes
configure:3318: checking for memory.h
configure:3318: cc -c  -Wall  conftest.c >&5
configure:3318: $? = 0
configure:3318: result: yes
configure:3318: checking for strings.h
configure:3318: cc -c  -Wall  conftest.c >&5
configure:3318: $? = 0
configure:3318: result: yes
configure:3318: checking for inttypes.h
configure:3318: cc -c  -Wall  conftest.c >&5
configure:3318: $? = 0
configure:3318: result: yes
configure:3318: checking for stdint.h
configure:3318: cc -c  -Wall  conftest.c >&5
configure:3318: $? = 0
configure:3318: result: yes
configure:3318: checking for unistd.h
configure:3318: cc -c  -Wall  conftest.c >&5
configure:3318: $? = 0
configure:3318: result: yes
configure:3332: checking for stdlib.h
configure:3332: result: yes
configure:3342: checking for GNU libc compatible malloc
configure:3366: cc -o conftest  -Wall   conftest.c  >&5
configure:3366: $? = 0
configure:3366: ./conftest
configure:3366: $? = 0
configure:3376: result: yes
configure:3397: checking for ANSI C header files
configure:3501: result: yes
configure:3563: checking for erl
configure:3581: found /usr/lib/erlang/erts-7.1/bin/erl
configure:3593: result: /usr/lib/erlang/erts-7.1/bin/erl
configure:3672: checking for erlc
configure:3690: found /usr/lib/erlang/erts-7.1/bin/erlc
configure:3702: result: /usr/lib/erlang/erts-7.1/bin/erlc
configure:3735: checking for SSL_free in -lssl
configure:3760: cc -o conftest  -Wall   conftest.c -lssl   >&5
configure:3760: $? = 0
configure:3769: result: yes
configure:3775: checking for SHA1_Init in -lcrypto
configure:3800: cc -o conftest  -Wall   conftest.c -lcrypto   >&5
configure:3800: $? = 0
configure:3809: result: yes
configure:3815: checking openssl/ssl.h usability
configure:3815: cc -c  -Wall  conftest.c >&5
configure:3815: $? = 0
configure:3815: result: yes
configure:3815: checking openssl/ssl.h presence
configure:3815: cc -E  conftest.c
configure:3815: $? = 0
configure:3815: result: yes
configure:3815: checking for openssl/ssl.h
configure:3815: result: yes
configure:3821: checking openssl/err.h usability
configure:3821: cc -c  -Wall  conftest.c >&5
configure:3821: $? = 0
configure:3821: result: yes
configure:3821: checking openssl/err.h presence
configure:3821: cc -E  conftest.c
configure:3821: $? = 0
configure:3821: result: yes
configure:3821: checking for openssl/err.h
configure:3821: result: yes
configure:3827: checking openssl/sha.h usability
configure:3827: cc -c  -Wall  conftest.c >&5
configure:3827: $? = 0
configure:3827: result: yes
configure:3827: checking openssl/sha.h presence
configure:3827: cc -E  conftest.c
configure:3827: $? = 0
configure:3827: result: yes
configure:3827: checking for openssl/sha.h
configure:3827: result: yes
configure:4005: creating ./config.status

## ---------------------- ##
## Running config.status. ##
## ---------------------- ##

This file was extended by tls config.status 0.2.0, which was
generated by GNU Autoconf 2.69.  Invocation command line was

  CONFIG_FILES    = 
  CONFIG_HEADERS  = 
  CONFIG_LINKS    = 
  CONFIG_COMMANDS = 
  $ ./config.status 

on toshiba

config.status:727: creating vars.config

## ---------------- ##
## Cache variables. ##
## ---------------- ##

ac_cv_c_compiler_gnu=yes
ac_cv_c_const=yes
ac_cv_env_CC_set=set
ac_cv_env_CC_value=cc
ac_cv_env_CFLAGS_set=set
ac_cv_env_CFLAGS_value=
ac_cv_env_CPPFLAGS_set=set
ac_cv_env_CPPFLAGS_value=
ac_cv_env_CPP_set=
ac_cv_env_CPP_value=
ac_cv_env_ERLCFLAGS_set=
ac_cv_env_ERLCFLAGS_value=
ac_cv_env_ERLC_set=
ac_cv_env_ERLC_value=
ac_cv_env_ERL_set=
ac_cv_env_ERL_value=
ac_cv_env_LDFLAGS_set=set
ac_cv_env_LDFLAGS_value=
ac_cv_env_LIBS_set=
ac_cv_env_LIBS_value=
ac_cv_env_build_alias_set=
ac_cv_env_build_alias_value=
ac_cv_env_host_alias_set=
ac_cv_env_host_alias_value=
ac_cv_env_target_alias_set=
ac_cv_env_target_alias_value=
ac_cv_func_malloc_0_nonnull=yes
ac_cv_header_inttypes_h=yes
ac_cv_header_memory_h=yes
ac_cv_header_openssl_err_h=yes
ac_cv_header_openssl_sha_h=yes
ac_cv_header_openssl_ssl_h=yes
ac_cv_header_stdc=yes
ac_cv_header_stdint_h=yes
ac_cv_header_stdlib_h=yes
ac_cv_header_string_h=yes
ac_cv_header_strings_h=yes
ac_cv_header_sys_stat_h=yes
ac_cv_header_sys_types_h=yes
ac_cv_header_unistd_h=yes
ac_cv_lib_crypto_SHA1_Init=yes
ac_cv_lib_ssl_SSL_free=yes
ac_cv_objext=o
ac_cv_path_EGREP='/usr/bin/grep -E'
ac_cv_path_GREP=/usr/bin/grep
ac_cv_path_ac_pt_ERL=/usr/lib/erlang/erts-7.1/bin/erl
ac_cv_path_ac_pt_ERLC=/usr/lib/erlang/erts-7.1/bin/erlc
ac_cv_prog_CPP='cc -E'
ac_cv_prog_ac_ct_CC=cc
ac_cv_prog_cc_c89=
ac_cv_prog_cc_g=yes
ac_cv_prog_make_make_set=yes

## ----------------- ##
## Output variables. ##
## ----------------- ##

CC='cc'
CFLAGS=' -Wall'
CPP='cc -E'
CPPFLAGS=''
DEFS='-DPACKAGE_NAME=\"tls\" -DPACKAGE_TARNAME=\"tls\" -DPACKAGE_VERSION=\"0.2.0\" -DPACKAGE_STRING=\"tls\ 0.2.0\" -DPACKAGE_BUGREPORT=\"\" -DPACKAGE_URL=\"\" -DSTDC_HEADERS=1 -DHAVE_SYS_TYPES_H=1 -DHAVE_SYS_STAT_H=1 -DHAVE_STDLIB_H=1 -DHAVE_STRING_H=1 -DHAVE_MEMORY_H=1 -DHAVE_STRINGS_H=1 -DHAVE_INTTYPES_H=1 -DHAVE_STDINT_H=1 -DHAVE_UNISTD_H=1 -DHAVE_STDLIB_H=1 -DHAVE_MALLOC=1 -DSTDC_HEADERS=1'
ECHO_C=''
ECHO_N='-n'
ECHO_T=''
EGREP='/usr/bin/grep -E'
ERL='/usr/lib/erlang/erts-7.1/bin/erl'
ERLC='/usr/lib/erlang/erts-7.1/bin/erlc'
ERLCFLAGS=''
EXEEXT=''
GREP='/usr/bin/grep'
LDFLAGS=''
LIBOBJS=''
LIBS=''
LTLIBOBJS=''
OBJEXT='o'
PACKAGE_BUGREPORT=''
PACKAGE_NAME='tls'
PACKAGE_STRING='tls 0.2.0'
PACKAGE_TARNAME='tls'
PACKAGE_URL=''
PACKAGE_VERSION='0.2.0'
PATH_SEPARATOR=':'
SET_MAKE=''
SHELL='/bin/sh'
ac_ct_CC='cc'
bindir='${exec_prefix}/bin'
build_alias=''
datadir='${datarootdir}'
datarootdir='${prefix}/share'
docdir='${datarootdir}/doc/${PACKAGE_TARNAME}'
dvidir='${docdir}'
exec_prefix='${prefix}'
host_alias=''
htmldir='${docdir}'
includedir='${prefix}/include'
infodir='${datarootdir}/info'
libdir='${exec_prefix}/lib'
libexecdir='${exec_prefix}/libexec'
localedir='${datarootdir}/locale'
localstatedir='${prefix}/var'
mandir='${datarootdir}/man'
oldincludedir='/usr/include'
pdfdir='${docdir}'
prefix='/usr/local'
program_transform_name='s,x,x,'
psdir='${docdir}'
sbindir='${exec_prefix}/sbin'
sharedstatedir='${prefix}/com'
sysconfdir='${prefix}/etc'
target_alias=''

## ----------- ##
## confdefs.h. ##
## ----------- ##

/* confdefs.h */
#define PACKAGE_NAME "tls"
#define PACKAGE_TARNAME "tls"
#define PACKAGE_VERSION "0.2.0"
#define PACKAGE_STRING "tls 0.2.0"
#define PACKAGE_BUGREPORT ""
#define PACKAGE_URL ""
#define STDC_HEADERS 1
#define HAVE_SYS_TYPES_H 1
#define HAVE_SYS_STAT_H 1
#define HAVE_STDLIB_H 1
#define HAVE_STRING_H 1
#define HAVE_MEMORY_H 1
#define HAVE_STRINGS_H 1
#define HAVE_INTTYPES_H 1
#define HAVE_STDINT_H 1
#define HAVE_UNISTD_H 1
#define HAVE_STDLIB_H 1
#define HAVE_MALLOC 1
#define STDC_HEADERS 1

configure: exit 0
