This file contains any messages produced by compilers while
running configure, to aid debugging if configure makes a mistake.

It was created by ezlib configure 0.1.0, which was
generated by GNU Autoconf 2.67.  Invocation command line was

  $ ./configure 

## --------- ##
## Platform. ##
## --------- ##

hostname = toshiba
uname -m = x86_64
uname -r = 4.2.5-1-ARCH
uname -s = Linux
uname -v = #1 SMP PREEMPT Tue Oct 27 08:13:28 CET 2015

/usr/bin/uname -p = unknown
/bin/uname -X     = unknown

/bin/arch              = unknown
/usr/bin/arch -k       = unknown
/usr/convex/getsysinfo = unknown
/usr/bin/hostinfo      = unknown
/bin/machine           = unknown
/usr/bin/oslevel       = unknown
/bin/universe          = unknown

PATH: /usr/lib/erlang/erts-7.1/bin
PATH: /usr/lib/erlang/bin
PATH: /usr/local/sbin
PATH: /usr/local/bin
PATH: /usr/bin
PATH: /usr/lib/jvm/default/bin
PATH: /usr/bin/site_perl
PATH: /usr/bin/vendor_perl
PATH: /usr/bin/core_perl


## ----------- ##
## Core tests. ##
## ----------- ##

configure:1999: checking for gcc
configure:2026: result: cc
configure:2255: checking for C compiler version
configure:2264: cc --version >&5
cc (GCC) 5.2.0
Copyright (C) 2015 Free Software Foundation, Inc.
This is free software; see the source for copying conditions.  There is NO
warranty; not even for MERCHANTABILITY or FITNESS FOR A PARTICULAR PURPOSE.

configure:2275: $? = 0
configure:2264: cc -v >&5
Using built-in specs.
COLLECT_GCC=cc
COLLECT_LTO_WRAPPER=/usr/lib/gcc/x86_64-unknown-linux-gnu/5.2.0/lto-wrapper
Target: x86_64-unknown-linux-gnu
Configured with: /build/gcc/src/gcc-5.2.0/configure --prefix=/usr --libdir=/usr/lib --libexecdir=/usr/lib --mandir=/usr/share/man --infodir=/usr/share/info --with-bugurl=https://bugs.archlinux.org/ --enable-languages=c,c++,ada,fortran,go,lto,objc,obj-c++ --enable-shared --enable-threads=posix --enable-libmpx --with-system-zlib --with-isl --enable-__cxa_atexit --disable-libunwind-exceptions --enable-clocale=gnu --disable-libstdcxx-pch --disable-libssp --enable-gnu-unique-object --enable-linker-build-id --enable-lto --enable-plugin --enable-install-libiberty --with-linker-hash-style=gnu --enable-gnu-indirect-function --disable-multilib --disable-werror --enable-checking=release --with-default-libstdcxx-abi=gcc4-compatible
Thread model: posix
gcc version 5.2.0 (GCC) 
configure:2275: $? = 0
configure:2264: cc -V >&5
cc: error: unrecognized command line option '-V'
cc: fatal error: no input files
compilation terminated.
configure:2275: $? = 1
configure:2264: cc -qversion >&5
cc: error: unrecognized command line option '-qversion'
cc: fatal error: no input files
compilation terminated.
configure:2275: $? = 1
configure:2295: checking whether the C compiler works
configure:2317: cc    conftest.c  >&5
configure:2321: $? = 0
configure:2369: result: yes
configure:2372: checking for C compiler default output file name
configure:2374: result: a.out
configure:2380: checking for suffix of executables
configure:2387: cc -o conftest    conftest.c  >&5
configure:2391: $? = 0
configure:2413: result: 
configure:2435: checking whether we are cross compiling
configure:2443: cc -o conftest    conftest.c  >&5
configure:2447: $? = 0
configure:2454: ./conftest
configure:2458: $? = 0
configure:2473: result: no
configure:2478: checking for suffix of object files
configure:2500: cc -c   conftest.c >&5
configure:2504: $? = 0
configure:2525: result: o
configure:2529: checking whether we are using the GNU C compiler
configure:2548: cc -c   conftest.c >&5
configure:2548: $? = 0
configure:2557: result: yes
configure:2566: checking whether cc accepts -g
configure:2586: cc -c -g  conftest.c >&5
configure:2586: $? = 0
configure:2627: result: yes
configure:2644: checking for cc option to accept ISO C89
configure:2708: cc  -c   conftest.c >&5
configure:2708: $? = 0
configure:2721: result: none needed
configure:2741: checking whether make sets $(MAKE)
configure:2763: result: yes
configure:2779: checking for an ANSI C-conforming const
configure:2844: cc -c  -Wall  conftest.c >&5
conftest.c: In function 'main':
conftest.c:38:7: warning: 't' is used uninitialized in this function [-Wuninitialized]
     *t++ = 0;
       ^
conftest.c:54:23: warning: 'b' may be used uninitialized in this function [-Wmaybe-uninitialized]
     struct s *b; b->j = 5;
                       ^
configure:2844: $? = 0
configure:2851: result: yes
configure:2866: checking how to run the C preprocessor
configure:2897: cc -E  conftest.c
configure:2897: $? = 0
configure:2911: cc -E  conftest.c
conftest.c:9:28: fatal error: ac_nonexistent.h: No such file or directory
compilation terminated.
configure:2911: $? = 1
configure: failed program was:
| /* confdefs.h */
| #define PACKAGE_NAME "ezlib"
| #define PACKAGE_TARNAME "ezlib"
| #define PACKAGE_VERSION "0.1.0"
| #define PACKAGE_STRING "ezlib 0.1.0"
| #define PACKAGE_BUGREPORT ""
| #define PACKAGE_URL ""
| /* end confdefs.h.  */
| #include <ac_nonexistent.h>
configure:2936: result: cc -E
configure:2956: cc -E  conftest.c
configure:2956: $? = 0
configure:2970: cc -E  conftest.c
conftest.c:9:28: fatal error: ac_nonexistent.h: No such file or directory
compilation terminated.
configure:2970: $? = 1
configure: failed program was:
| /* confdefs.h */
| #define PACKAGE_NAME "ezlib"
| #define PACKAGE_TARNAME "ezlib"
| #define PACKAGE_VERSION "0.1.0"
| #define PACKAGE_STRING "ezlib 0.1.0"
| #define PACKAGE_BUGREPORT ""
| #define PACKAGE_URL ""
| /* end confdefs.h.  */
| #include <ac_nonexistent.h>
configure:2999: checking for grep that handles long lines and -e
configure:3057: result: /usr/bin/grep
configure:3062: checking for egrep
configure:3124: result: /usr/bin/grep -E
configure:3129: checking for ANSI C header files
configure:3149: cc -c  -Wall  conftest.c >&5
configure:3149: $? = 0
configure:3222: cc -o conftest  -Wall   conftest.c  >&5
configure:3222: $? = 0
configure:3222: ./conftest
configure:3222: $? = 0
configure:3233: result: yes
configure:3246: checking for sys/types.h
configure:3246: cc -c  -Wall  conftest.c >&5
configure:3246: $? = 0
configure:3246: result: yes
configure:3246: checking for sys/stat.h
configure:3246: cc -c  -Wall  conftest.c >&5
configure:3246: $? = 0
configure:3246: result: yes
configure:3246: checking for stdlib.h
configure:3246: cc -c  -Wall  conftest.c >&5
configure:3246: $? = 0
configure:3246: result: yes
configure:3246: checking for string.h
configure:3246: cc -c  -Wall  conftest.c >&5
configure:3246: $? = 0
configure:3246: result: yes
configure:3246: checking for memory.h
configure:3246: cc -c  -Wall  conftest.c >&5
configure:3246: $? = 0
configure:3246: result: yes
configure:3246: checking for strings.h
configure:3246: cc -c  -Wall  conftest.c >&5
configure:3246: $? = 0
configure:3246: result: yes
configure:3246: checking for inttypes.h
configure:3246: cc -c  -Wall  conftest.c >&5
configure:3246: $? = 0
configure:3246: result: yes
configure:3246: checking for stdint.h
configure:3246: cc -c  -Wall  conftest.c >&5
configure:3246: $? = 0
configure:3246: result: yes
configure:3246: checking for unistd.h
configure:3246: cc -c  -Wall  conftest.c >&5
configure:3246: $? = 0
configure:3246: result: yes
configure:3260: checking for stdlib.h
configure:3260: result: yes
configure:3270: checking for GNU libc compatible malloc
configure:3294: cc -o conftest  -Wall   conftest.c  >&5
configure:3294: $? = 0
configure:3294: ./conftest
configure:3294: $? = 0
configure:3304: result: yes
configure:3325: checking for ANSI C header files
configure:3429: result: yes
configure:3491: checking for erl
configure:3509: found /usr/lib/erlang/erts-7.1/bin/erl
configure:3521: result: /usr/lib/erlang/erts-7.1/bin/erl
configure:3600: checking for erlc
configure:3618: found /usr/lib/erlang/erts-7.1/bin/erlc
configure:3630: result: /usr/lib/erlang/erts-7.1/bin/erlc
configure:3663: checking zlib.h usability
configure:3663: cc -c  -Wall  conftest.c >&5
configure:3663: $? = 0
configure:3663: result: yes
configure:3663: checking zlib.h presence
configure:3663: cc -E  conftest.c
configure:3663: $? = 0
configure:3663: result: yes
configure:3663: checking for zlib.h
configure:3663: result: yes
configure:3813: creating ./config.status

## ---------------------- ##
## Running config.status. ##
## ---------------------- ##

This file was extended by ezlib config.status 0.1.0, which was
generated by GNU Autoconf 2.67.  Invocation command line was

  CONFIG_FILES    = 
  CONFIG_HEADERS  = 
  CONFIG_LINKS    = 
  CONFIG_COMMANDS = 
  $ ./config.status 

on toshiba


## ---------------- ##
## Cache variables. ##
## ---------------- ##

ac_cv_c_compiler_gnu=yes
ac_cv_c_const=yes
ac_cv_env_CC_set=set
ac_cv_env_CC_value=cc
ac_cv_env_CFLAGS_set=set
ac_cv_env_CFLAGS_value=
ac_cv_env_CPPFLAGS_set=set
ac_cv_env_CPPFLAGS_value=
ac_cv_env_CPP_set=
ac_cv_env_CPP_value=
ac_cv_env_ERLCFLAGS_set=
ac_cv_env_ERLCFLAGS_value=
ac_cv_env_ERLC_set=
ac_cv_env_ERLC_value=
ac_cv_env_ERL_set=
ac_cv_env_ERL_value=
ac_cv_env_LDFLAGS_set=set
ac_cv_env_LDFLAGS_value=
ac_cv_env_LIBS_set=
ac_cv_env_LIBS_value=
ac_cv_env_build_alias_set=
ac_cv_env_build_alias_value=
ac_cv_env_host_alias_set=
ac_cv_env_host_alias_value=
ac_cv_env_target_alias_set=
ac_cv_env_target_alias_value=
ac_cv_func_malloc_0_nonnull=yes
ac_cv_header_inttypes_h=yes
ac_cv_header_memory_h=yes
ac_cv_header_stdc=yes
ac_cv_header_stdint_h=yes
ac_cv_header_stdlib_h=yes
ac_cv_header_string_h=yes
ac_cv_header_strings_h=yes
ac_cv_header_sys_stat_h=yes
ac_cv_header_sys_types_h=yes
ac_cv_header_unistd_h=yes
ac_cv_header_zlib_h=yes
ac_cv_objext=o
ac_cv_path_EGREP='/usr/bin/grep -E'
ac_cv_path_GREP=/usr/bin/grep
ac_cv_path_ac_pt_ERL=/usr/lib/erlang/erts-7.1/bin/erl
ac_cv_path_ac_pt_ERLC=/usr/lib/erlang/erts-7.1/bin/erlc
ac_cv_prog_CPP='cc -E'
ac_cv_prog_ac_ct_CC=cc
ac_cv_prog_cc_c89=
ac_cv_prog_cc_g=yes
ac_cv_prog_make_make_set=yes

## ----------------- ##
## Output variables. ##
## ----------------- ##

CC='cc'
CFLAGS=' -Wall'
CPP='cc -E'
CPPFLAGS=''
DEFS='-DPACKAGE_NAME=\"ezlib\" -DPACKAGE_TARNAME=\"ezlib\" -DPACKAGE_VERSION=\"0.1.0\" -DPACKAGE_STRING=\"ezlib\ 0.1.0\" -DPACKAGE_BUGREPORT=\"\" -DPACKAGE_URL=\"\" -DSTDC_HEADERS=1 -DHAVE_SYS_TYPES_H=1 -DHAVE_SYS_STAT_H=1 -DHAVE_STDLIB_H=1 -DHAVE_STRING_H=1 -DHAVE_MEMORY_H=1 -DHAVE_STRINGS_H=1 -DHAVE_INTTYPES_H=1 -DHAVE_STDINT_H=1 -DHAVE_UNISTD_H=1 -DHAVE_STDLIB_H=1 -DHAVE_MALLOC=1 -DSTDC_HEADERS=1'
ECHO_C=''
ECHO_N='-n'
ECHO_T=''
EGREP='/usr/bin/grep -E'
ERL='/usr/lib/erlang/erts-7.1/bin/erl'
ERLC='/usr/lib/erlang/erts-7.1/bin/erlc'
ERLCFLAGS=''
EXEEXT=''
GREP='/usr/bin/grep'
LDFLAGS=''
LIBOBJS=''
LIBS=''
LTLIBOBJS=''
OBJEXT='o'
PACKAGE_BUGREPORT=''
PACKAGE_NAME='ezlib'
PACKAGE_STRING='ezlib 0.1.0'
PACKAGE_TARNAME='ezlib'
PACKAGE_URL=''
PACKAGE_VERSION='0.1.0'
PATH_SEPARATOR=':'
SET_MAKE=''
SHELL='/bin/sh'
ac_ct_CC='cc'
bindir='${exec_prefix}/bin'
build_alias=''
datadir='${datarootdir}'
datarootdir='${prefix}/share'
docdir='${datarootdir}/doc/${PACKAGE_TARNAME}'
dvidir='${docdir}'
exec_prefix='${prefix}'
host_alias=''
htmldir='${docdir}'
includedir='${prefix}/include'
infodir='${datarootdir}/info'
libdir='${exec_prefix}/lib'
libexecdir='${exec_prefix}/libexec'
localedir='${datarootdir}/locale'
localstatedir='${prefix}/var'
mandir='${datarootdir}/man'
oldincludedir='/usr/include'
pdfdir='${docdir}'
prefix='/usr/local'
program_transform_name='s,x,x,'
psdir='${docdir}'
sbindir='${exec_prefix}/sbin'
sharedstatedir='${prefix}/com'
sysconfdir='${prefix}/etc'
target_alias=''

## ----------- ##
## confdefs.h. ##
## ----------- ##

/* confdefs.h */
#define PACKAGE_NAME "ezlib"
#define PACKAGE_TARNAME "ezlib"
#define PACKAGE_VERSION "0.1.0"
#define PACKAGE_STRING "ezlib 0.1.0"
#define PACKAGE_BUGREPORT ""
#define PACKAGE_URL ""
#define STDC_HEADERS 1
#define HAVE_SYS_TYPES_H 1
#define HAVE_SYS_STAT_H 1
#define HAVE_STDLIB_H 1
#define HAVE_STRING_H 1
#define HAVE_MEMORY_H 1
#define HAVE_STRINGS_H 1
#define HAVE_INTTYPES_H 1
#define HAVE_STDINT_H 1
#define HAVE_UNISTD_H 1
#define HAVE_STDLIB_H 1
#define HAVE_MALLOC 1
#define STDC_HEADERS 1

configure: exit 0
